The system is: Linux - 4.19.76-linuxkit - x86_64
Compiling the C compiler identification source file "CMakeCCompilerId.c" succeeded.
Compiler: /opt/scylladb/bin/gcc 
Build flags: 
Id flags:  

The output was:
0


Compilation of the C compiler identification source "CMakeCCompilerId.c" produced "a.out"

The C compiler identification is GNU, found in "/app/github/distributed-system-framework/build/CMakeFiles/3.18.2/CompilerIdC/a.out"

Compiling the CXX compiler identification source file "CMakeCXXCompilerId.cpp" succeeded.
Compiler: /opt/scylladb/bin/g++ 
Build flags: 
Id flags:  

The output was:
0


Compilation of the CXX compiler identification source "CMakeCXXCompilerId.cpp" produced "a.out"

The CXX compiler identification is GNU, found in "/app/github/distributed-system-framework/build/CMakeFiles/3.18.2/CompilerIdCXX/a.out"

Detecting C compiler ABI info compiled with the following output:
Change Dir: /app/github/distributed-system-framework/build/CMakeFiles/CMakeTmp

Run Build Command(s):/usr/bin/gmake cmTC_75888/fast && /usr/bin/gmake  -f CMakeFiles/cmTC_75888.dir/build.make CMakeFiles/cmTC_75888.dir/build
gmake[1]: Entering directory `/app/github/distributed-system-framework/build/CMakeFiles/CMakeTmp'
Building C object CMakeFiles/cmTC_75888.dir/CMakeCCompilerABI.c.o
/opt/scylladb/bin/gcc   -v -o CMakeFiles/cmTC_75888.dir/CMakeCCompilerABI.c.o -c /usr/bin/cmake/share/cmake-3.18/Modules/CMakeCCompilerABI.c
Using built-in specs.
COLLECT_GCC=/opt/scylladb/bin/gcc
Target: x86_64-redhat-linux
Configured with: ../configure --enable-bootstrap --enable-languages=c,c++,lto --prefix=/opt/scylladb --mandir=/opt/scylladb/share/man --infodir=/opt/scylladb/share/info --with-bugurl=http://bugzilla.redhat.com/bugzilla --enable-shared --enable-threads=posix --enable-checking=release --program-suffix=-7.3 --enable-multilib --with-system-zlib --enable-__cxa_atexit --disable-libunwind-exceptions --enable-gnu-unique-object --enable-linker-build-id --with-gcc-major-version-only --with-linker-hash-style=gnu --enable-plugin --enable-initfini-array --disable-libgcj --with-default-libstdcxx-abi=gcc4-compatible --with-isl --with-isl-include=/opt/scylladb/include/ --with-isl-lib=/opt/scylladb/lib64/ --enable-libmpx --enable-gnu-indirect-function --with-tune=generic --with-arch_32=x86-64 --build=x86_64-redhat-linux
Thread model: posix
gcc version 7.3.1 20180125 (Red Hat 7.3.1-1) (GCC) 
COLLECT_GCC_OPTIONS='-v' '-o' 'CMakeFiles/cmTC_75888.dir/CMakeCCompilerABI.c.o' '-c' '-mtune=generic' '-march=x86-64'
 /opt/scylladb/libexec/gcc/x86_64-redhat-linux/7/cc1 -quiet -v /usr/bin/cmake/share/cmake-3.18/Modules/CMakeCCompilerABI.c -quiet -dumpbase CMakeCCompilerABI.c -mtune=generic -march=x86-64 -auxbase-strip CMakeFiles/cmTC_75888.dir/CMakeCCompilerABI.c.o -version -o /tmp/ccDVyJyS.s
GNU C11 (GCC) version 7.3.1 20180125 (Red Hat 7.3.1-1) (x86_64-redhat-linux)
	compiled by GNU C version 7.3.1 20180125 (Red Hat 7.3.1-1), GMP version 6.0.0, MPFR version 3.1.1, MPC version 1.0.1, isl version isl-0.16.1-GMP

GGC heuristics: --param ggc-min-expand=100 --param ggc-min-heapsize=131072
ignoring nonexistent directory "/opt/scylladb/lib/gcc/x86_64-redhat-linux/7/include-fixed"
ignoring nonexistent directory "/opt/scylladb/lib/gcc/x86_64-redhat-linux/7/../../../../x86_64-redhat-linux/include"
#include "..." search starts here:
#include <...> search starts here:
 /opt/scylladb/lib/gcc/x86_64-redhat-linux/7/include
 /usr/local/include
 /opt/scylladb/include
 /usr/include
End of search list.
GNU C11 (GCC) version 7.3.1 20180125 (Red Hat 7.3.1-1) (x86_64-redhat-linux)
	compiled by GNU C version 7.3.1 20180125 (Red Hat 7.3.1-1), GMP version 6.0.0, MPFR version 3.1.1, MPC version 1.0.1, isl version isl-0.16.1-GMP

GGC heuristics: --param ggc-min-expand=100 --param ggc-min-heapsize=131072
Compiler executable checksum: 8b61e270f280878f277cd20625be02d0
COLLECT_GCC_OPTIONS='-v' '-o' 'CMakeFiles/cmTC_75888.dir/CMakeCCompilerABI.c.o' '-c' '-mtune=generic' '-march=x86-64'
 as -v --64 -o CMakeFiles/cmTC_75888.dir/CMakeCCompilerABI.c.o /tmp/ccDVyJyS.s
GNU assembler version 2.27 (x86_64-redhat-linux) using BFD version version 2.27-43.base.el7_8.1
COMPILER_PATH=/opt/scylladb/libexec/gcc/x86_64-redhat-linux/7/:/opt/scylladb/libexec/gcc/x86_64-redhat-linux/7/:/opt/scylladb/libexec/gcc/x86_64-redhat-linux/:/opt/scylladb/lib/gcc/x86_64-redhat-linux/7/:/opt/scylladb/lib/gcc/x86_64-redhat-linux/
LIBRARY_PATH=/opt/scylladb/lib/gcc/x86_64-redhat-linux/7/:/opt/scylladb/lib/gcc/x86_64-redhat-linux/7/../../../../lib64/:/lib/../lib64/:/usr/lib/../lib64/:/opt/scylladb/lib/gcc/x86_64-redhat-linux/7/../../../:/lib/:/usr/lib/
COLLECT_GCC_OPTIONS='-v' '-o' 'CMakeFiles/cmTC_75888.dir/CMakeCCompilerABI.c.o' '-c' '-mtune=generic' '-march=x86-64'
Linking C executable cmTC_75888
/usr/bin/cmake/bin/cmake -E cmake_link_script CMakeFiles/cmTC_75888.dir/link.txt --verbose=1
/opt/scylladb/bin/gcc  -v -rdynamic CMakeFiles/cmTC_75888.dir/CMakeCCompilerABI.c.o -o cmTC_75888 
Using built-in specs.
COLLECT_GCC=/opt/scylladb/bin/gcc
COLLECT_LTO_WRAPPER=/opt/scylladb/libexec/gcc/x86_64-redhat-linux/7/lto-wrapper
Target: x86_64-redhat-linux
Configured with: ../configure --enable-bootstrap --enable-languages=c,c++,lto --prefix=/opt/scylladb --mandir=/opt/scylladb/share/man --infodir=/opt/scylladb/share/info --with-bugurl=http://bugzilla.redhat.com/bugzilla --enable-shared --enable-threads=posix --enable-checking=release --program-suffix=-7.3 --enable-multilib --with-system-zlib --enable-__cxa_atexit --disable-libunwind-exceptions --enable-gnu-unique-object --enable-linker-build-id --with-gcc-major-version-only --with-linker-hash-style=gnu --enable-plugin --enable-initfini-array --disable-libgcj --with-default-libstdcxx-abi=gcc4-compatible --with-isl --with-isl-include=/opt/scylladb/include/ --with-isl-lib=/opt/scylladb/lib64/ --enable-libmpx --enable-gnu-indirect-function --with-tune=generic --with-arch_32=x86-64 --build=x86_64-redhat-linux
Thread model: posix
gcc version 7.3.1 20180125 (Red Hat 7.3.1-1) (GCC) 
COMPILER_PATH=/opt/scylladb/libexec/gcc/x86_64-redhat-linux/7/:/opt/scylladb/libexec/gcc/x86_64-redhat-linux/7/:/opt/scylladb/libexec/gcc/x86_64-redhat-linux/:/opt/scylladb/lib/gcc/x86_64-redhat-linux/7/:/opt/scylladb/lib/gcc/x86_64-redhat-linux/
LIBRARY_PATH=/opt/scylladb/lib/gcc/x86_64-redhat-linux/7/:/opt/scylladb/lib/gcc/x86_64-redhat-linux/7/../../../../lib64/:/lib/../lib64/:/usr/lib/../lib64/:/opt/scylladb/lib/gcc/x86_64-redhat-linux/7/../../../:/lib/:/usr/lib/
COLLECT_GCC_OPTIONS='-v' '-rdynamic' '-o' 'cmTC_75888' '-mtune=generic' '-march=x86-64'
 /opt/scylladb/libexec/gcc/x86_64-redhat-linux/7/collect2 -plugin /opt/scylladb/libexec/gcc/x86_64-redhat-linux/7/liblto_plugin.so -plugin-opt=/opt/scylladb/libexec/gcc/x86_64-redhat-linux/7/lto-wrapper -plugin-opt=-fresolution=/tmp/ccPNvvRT.res -plugin-opt=-pass-through=-lgcc -plugin-opt=-pass-through=-lgcc_s -plugin-opt=-pass-through=-lc -plugin-opt=-pass-through=-lgcc -plugin-opt=-pass-through=-lgcc_s --build-id --no-add-needed --eh-frame-hdr --hash-style=gnu -m elf_x86_64 -export-dynamic -dynamic-linker /lib64/ld-linux-x86-64.so.2 -o cmTC_75888 /lib/../lib64/crt1.o /lib/../lib64/crti.o /opt/scylladb/lib/gcc/x86_64-redhat-linux/7/crtbegin.o -L/opt/scylladb/lib/gcc/x86_64-redhat-linux/7 -L/opt/scylladb/lib/gcc/x86_64-redhat-linux/7/../../../../lib64 -L/lib/../lib64 -L/usr/lib/../lib64 -L/opt/scylladb/lib/gcc/x86_64-redhat-linux/7/../../.. CMakeFiles/cmTC_75888.dir/CMakeCCompilerABI.c.o -lgcc --as-needed -lgcc_s --no-as-needed -lc -lgcc --as-needed -lgcc_s --no-as-needed /opt/scylladb/lib/gcc/x86_64-redhat-linux/7/crtend.o /lib/../lib64/crtn.o
COLLECT_GCC_OPTIONS='-v' '-rdynamic' '-o' 'cmTC_75888' '-mtune=generic' '-march=x86-64'
gmake[1]: Leaving directory `/app/github/distributed-system-framework/build/CMakeFiles/CMakeTmp'



Parsed C implicit include dir info from above output: rv=done
  found start of include info
  found start of implicit include info
    add: [/opt/scylladb/lib/gcc/x86_64-redhat-linux/7/include]
    add: [/usr/local/include]
    add: [/opt/scylladb/include]
    add: [/usr/include]
  end of search list found
  collapse include dir [/opt/scylladb/lib/gcc/x86_64-redhat-linux/7/include] ==> [/opt/scylladb/lib/gcc/x86_64-redhat-linux/7/include]
  collapse include dir [/usr/local/include] ==> [/usr/local/include]
  collapse include dir [/opt/scylladb/include] ==> [/opt/scylladb/include]
  collapse include dir [/usr/include] ==> [/usr/include]
  implicit include dirs: [/opt/scylladb/lib/gcc/x86_64-redhat-linux/7/include;/usr/local/include;/opt/scylladb/include;/usr/include]


Parsed C implicit link information from above output:
  link line regex: [^( *|.*[/\])(ld|CMAKE_LINK_STARTFILE-NOTFOUND|([^/\]+-)?ld|collect2)[^/\]*( |$)]
  ignore line: [Change Dir: /app/github/distributed-system-framework/build/CMakeFiles/CMakeTmp]
  ignore line: []
  ignore line: [Run Build Command(s):/usr/bin/gmake cmTC_75888/fast && /usr/bin/gmake  -f CMakeFiles/cmTC_75888.dir/build.make CMakeFiles/cmTC_75888.dir/build]
  ignore line: [gmake[1]: Entering directory `/app/github/distributed-system-framework/build/CMakeFiles/CMakeTmp']
  ignore line: [Building C object CMakeFiles/cmTC_75888.dir/CMakeCCompilerABI.c.o]
  ignore line: [/opt/scylladb/bin/gcc   -v -o CMakeFiles/cmTC_75888.dir/CMakeCCompilerABI.c.o -c /usr/bin/cmake/share/cmake-3.18/Modules/CMakeCCompilerABI.c]
  ignore line: [Using built-in specs.]
  ignore line: [COLLECT_GCC=/opt/scylladb/bin/gcc]
  ignore line: [Target: x86_64-redhat-linux]
  ignore line: [Configured with: ../configure --enable-bootstrap --enable-languages=c c++ lto --prefix=/opt/scylladb --mandir=/opt/scylladb/share/man --infodir=/opt/scylladb/share/info --with-bugurl=http://bugzilla.redhat.com/bugzilla --enable-shared --enable-threads=posix --enable-checking=release --program-suffix=-7.3 --enable-multilib --with-system-zlib --enable-__cxa_atexit --disable-libunwind-exceptions --enable-gnu-unique-object --enable-linker-build-id --with-gcc-major-version-only --with-linker-hash-style=gnu --enable-plugin --enable-initfini-array --disable-libgcj --with-default-libstdcxx-abi=gcc4-compatible --with-isl --with-isl-include=/opt/scylladb/include/ --with-isl-lib=/opt/scylladb/lib64/ --enable-libmpx --enable-gnu-indirect-function --with-tune=generic --with-arch_32=x86-64 --build=x86_64-redhat-linux]
  ignore line: [Thread model: posix]
  ignore line: [gcc version 7.3.1 20180125 (Red Hat 7.3.1-1) (GCC) ]
  ignore line: [COLLECT_GCC_OPTIONS='-v' '-o' 'CMakeFiles/cmTC_75888.dir/CMakeCCompilerABI.c.o' '-c' '-mtune=generic' '-march=x86-64']
  ignore line: [ /opt/scylladb/libexec/gcc/x86_64-redhat-linux/7/cc1 -quiet -v /usr/bin/cmake/share/cmake-3.18/Modules/CMakeCCompilerABI.c -quiet -dumpbase CMakeCCompilerABI.c -mtune=generic -march=x86-64 -auxbase-strip CMakeFiles/cmTC_75888.dir/CMakeCCompilerABI.c.o -version -o /tmp/ccDVyJyS.s]
  ignore line: [GNU C11 (GCC) version 7.3.1 20180125 (Red Hat 7.3.1-1) (x86_64-redhat-linux)]
  ignore line: [	compiled by GNU C version 7.3.1 20180125 (Red Hat 7.3.1-1)  GMP version 6.0.0  MPFR version 3.1.1  MPC version 1.0.1  isl version isl-0.16.1-GMP]
  ignore line: []
  ignore line: [GGC heuristics: --param ggc-min-expand=100 --param ggc-min-heapsize=131072]
  ignore line: [ignoring nonexistent directory "/opt/scylladb/lib/gcc/x86_64-redhat-linux/7/include-fixed"]
  ignore line: [ignoring nonexistent directory "/opt/scylladb/lib/gcc/x86_64-redhat-linux/7/../../../../x86_64-redhat-linux/include"]
  ignore line: [#include "..." search starts here:]
  ignore line: [#include <...> search starts here:]
  ignore line: [ /opt/scylladb/lib/gcc/x86_64-redhat-linux/7/include]
  ignore line: [ /usr/local/include]
  ignore line: [ /opt/scylladb/include]
  ignore line: [ /usr/include]
  ignore line: [End of search list.]
  ignore line: [GNU C11 (GCC) version 7.3.1 20180125 (Red Hat 7.3.1-1) (x86_64-redhat-linux)]
  ignore line: [	compiled by GNU C version 7.3.1 20180125 (Red Hat 7.3.1-1)  GMP version 6.0.0  MPFR version 3.1.1  MPC version 1.0.1  isl version isl-0.16.1-GMP]
  ignore line: []
  ignore line: [GGC heuristics: --param ggc-min-expand=100 --param ggc-min-heapsize=131072]
  ignore line: [Compiler executable checksum: 8b61e270f280878f277cd20625be02d0]
  ignore line: [COLLECT_GCC_OPTIONS='-v' '-o' 'CMakeFiles/cmTC_75888.dir/CMakeCCompilerABI.c.o' '-c' '-mtune=generic' '-march=x86-64']
  ignore line: [ as -v --64 -o CMakeFiles/cmTC_75888.dir/CMakeCCompilerABI.c.o /tmp/ccDVyJyS.s]
  ignore line: [GNU assembler version 2.27 (x86_64-redhat-linux) using BFD version version 2.27-43.base.el7_8.1]
  ignore line: [COMPILER_PATH=/opt/scylladb/libexec/gcc/x86_64-redhat-linux/7/:/opt/scylladb/libexec/gcc/x86_64-redhat-linux/7/:/opt/scylladb/libexec/gcc/x86_64-redhat-linux/:/opt/scylladb/lib/gcc/x86_64-redhat-linux/7/:/opt/scylladb/lib/gcc/x86_64-redhat-linux/]
  ignore line: [LIBRARY_PATH=/opt/scylladb/lib/gcc/x86_64-redhat-linux/7/:/opt/scylladb/lib/gcc/x86_64-redhat-linux/7/../../../../lib64/:/lib/../lib64/:/usr/lib/../lib64/:/opt/scylladb/lib/gcc/x86_64-redhat-linux/7/../../../:/lib/:/usr/lib/]
  ignore line: [COLLECT_GCC_OPTIONS='-v' '-o' 'CMakeFiles/cmTC_75888.dir/CMakeCCompilerABI.c.o' '-c' '-mtune=generic' '-march=x86-64']
  ignore line: [Linking C executable cmTC_75888]
  ignore line: [/usr/bin/cmake/bin/cmake -E cmake_link_script CMakeFiles/cmTC_75888.dir/link.txt --verbose=1]
  ignore line: [/opt/scylladb/bin/gcc  -v -rdynamic CMakeFiles/cmTC_75888.dir/CMakeCCompilerABI.c.o -o cmTC_75888 ]
  ignore line: [Using built-in specs.]
  ignore line: [COLLECT_GCC=/opt/scylladb/bin/gcc]
  ignore line: [COLLECT_LTO_WRAPPER=/opt/scylladb/libexec/gcc/x86_64-redhat-linux/7/lto-wrapper]
  ignore line: [Target: x86_64-redhat-linux]
  ignore line: [Configured with: ../configure --enable-bootstrap --enable-languages=c c++ lto --prefix=/opt/scylladb --mandir=/opt/scylladb/share/man --infodir=/opt/scylladb/share/info --with-bugurl=http://bugzilla.redhat.com/bugzilla --enable-shared --enable-threads=posix --enable-checking=release --program-suffix=-7.3 --enable-multilib --with-system-zlib --enable-__cxa_atexit --disable-libunwind-exceptions --enable-gnu-unique-object --enable-linker-build-id --with-gcc-major-version-only --with-linker-hash-style=gnu --enable-plugin --enable-initfini-array --disable-libgcj --with-default-libstdcxx-abi=gcc4-compatible --with-isl --with-isl-include=/opt/scylladb/include/ --with-isl-lib=/opt/scylladb/lib64/ --enable-libmpx --enable-gnu-indirect-function --with-tune=generic --with-arch_32=x86-64 --build=x86_64-redhat-linux]
  ignore line: [Thread model: posix]
  ignore line: [gcc version 7.3.1 20180125 (Red Hat 7.3.1-1) (GCC) ]
  ignore line: [COMPILER_PATH=/opt/scylladb/libexec/gcc/x86_64-redhat-linux/7/:/opt/scylladb/libexec/gcc/x86_64-redhat-linux/7/:/opt/scylladb/libexec/gcc/x86_64-redhat-linux/:/opt/scylladb/lib/gcc/x86_64-redhat-linux/7/:/opt/scylladb/lib/gcc/x86_64-redhat-linux/]
  ignore line: [LIBRARY_PATH=/opt/scylladb/lib/gcc/x86_64-redhat-linux/7/:/opt/scylladb/lib/gcc/x86_64-redhat-linux/7/../../../../lib64/:/lib/../lib64/:/usr/lib/../lib64/:/opt/scylladb/lib/gcc/x86_64-redhat-linux/7/../../../:/lib/:/usr/lib/]
  ignore line: [COLLECT_GCC_OPTIONS='-v' '-rdynamic' '-o' 'cmTC_75888' '-mtune=generic' '-march=x86-64']
  link line: [ /opt/scylladb/libexec/gcc/x86_64-redhat-linux/7/collect2 -plugin /opt/scylladb/libexec/gcc/x86_64-redhat-linux/7/liblto_plugin.so -plugin-opt=/opt/scylladb/libexec/gcc/x86_64-redhat-linux/7/lto-wrapper -plugin-opt=-fresolution=/tmp/ccPNvvRT.res -plugin-opt=-pass-through=-lgcc -plugin-opt=-pass-through=-lgcc_s -plugin-opt=-pass-through=-lc -plugin-opt=-pass-through=-lgcc -plugin-opt=-pass-through=-lgcc_s --build-id --no-add-needed --eh-frame-hdr --hash-style=gnu -m elf_x86_64 -export-dynamic -dynamic-linker /lib64/ld-linux-x86-64.so.2 -o cmTC_75888 /lib/../lib64/crt1.o /lib/../lib64/crti.o /opt/scylladb/lib/gcc/x86_64-redhat-linux/7/crtbegin.o -L/opt/scylladb/lib/gcc/x86_64-redhat-linux/7 -L/opt/scylladb/lib/gcc/x86_64-redhat-linux/7/../../../../lib64 -L/lib/../lib64 -L/usr/lib/../lib64 -L/opt/scylladb/lib/gcc/x86_64-redhat-linux/7/../../.. CMakeFiles/cmTC_75888.dir/CMakeCCompilerABI.c.o -lgcc --as-needed -lgcc_s --no-as-needed -lc -lgcc --as-needed -lgcc_s --no-as-needed /opt/scylladb/lib/gcc/x86_64-redhat-linux/7/crtend.o /lib/../lib64/crtn.o]
    arg [/opt/scylladb/libexec/gcc/x86_64-redhat-linux/7/collect2] ==> ignore
    arg [-plugin] ==> ignore
    arg [/opt/scylladb/libexec/gcc/x86_64-redhat-linux/7/liblto_plugin.so] ==> ignore
    arg [-plugin-opt=/opt/scylladb/libexec/gcc/x86_64-redhat-linux/7/lto-wrapper] ==> ignore
    arg [-plugin-opt=-fresolution=/tmp/ccPNvvRT.res] ==> ignore
    arg [-plugin-opt=-pass-through=-lgcc] ==> ignore
    arg [-plugin-opt=-pass-through=-lgcc_s] ==> ignore
    arg [-plugin-opt=-pass-through=-lc] ==> ignore
    arg [-plugin-opt=-pass-through=-lgcc] ==> ignore
    arg [-plugin-opt=-pass-through=-lgcc_s] ==> ignore
    arg [--build-id] ==> ignore
    arg [--no-add-needed] ==> ignore
    arg [--eh-frame-hdr] ==> ignore
    arg [--hash-style=gnu] ==> ignore
    arg [-m] ==> ignore
    arg [elf_x86_64] ==> ignore
    arg [-export-dynamic] ==> ignore
    arg [-dynamic-linker] ==> ignore
    arg [/lib64/ld-linux-x86-64.so.2] ==> ignore
    arg [-o] ==> ignore
    arg [cmTC_75888] ==> ignore
    arg [/lib/../lib64/crt1.o] ==> ignore
    arg [/lib/../lib64/crti.o] ==> ignore
    arg [/opt/scylladb/lib/gcc/x86_64-redhat-linux/7/crtbegin.o] ==> ignore
    arg [-L/opt/scylladb/lib/gcc/x86_64-redhat-linux/7] ==> dir [/opt/scylladb/lib/gcc/x86_64-redhat-linux/7]
    arg [-L/opt/scylladb/lib/gcc/x86_64-redhat-linux/7/../../../../lib64] ==> dir [/opt/scylladb/lib/gcc/x86_64-redhat-linux/7/../../../../lib64]
    arg [-L/lib/../lib64] ==> dir [/lib/../lib64]
    arg [-L/usr/lib/../lib64] ==> dir [/usr/lib/../lib64]
    arg [-L/opt/scylladb/lib/gcc/x86_64-redhat-linux/7/../../..] ==> dir [/opt/scylladb/lib/gcc/x86_64-redhat-linux/7/../../..]
    arg [CMakeFiles/cmTC_75888.dir/CMakeCCompilerABI.c.o] ==> ignore
    arg [-lgcc] ==> lib [gcc]
    arg [--as-needed] ==> ignore
    arg [-lgcc_s] ==> lib [gcc_s]
    arg [--no-as-needed] ==> ignore
    arg [-lc] ==> lib [c]
    arg [-lgcc] ==> lib [gcc]
    arg [--as-needed] ==> ignore
    arg [-lgcc_s] ==> lib [gcc_s]
    arg [--no-as-needed] ==> ignore
    arg [/opt/scylladb/lib/gcc/x86_64-redhat-linux/7/crtend.o] ==> ignore
    arg [/lib/../lib64/crtn.o] ==> ignore
  collapse library dir [/opt/scylladb/lib/gcc/x86_64-redhat-linux/7] ==> [/opt/scylladb/lib/gcc/x86_64-redhat-linux/7]
  collapse library dir [/opt/scylladb/lib/gcc/x86_64-redhat-linux/7/../../../../lib64] ==> [/opt/scylladb/lib64]
  collapse library dir [/lib/../lib64] ==> [/lib64]
  collapse library dir [/usr/lib/../lib64] ==> [/usr/lib64]
  collapse library dir [/opt/scylladb/lib/gcc/x86_64-redhat-linux/7/../../..] ==> [/opt/scylladb/lib]
  implicit libs: [gcc;gcc_s;c;gcc;gcc_s]
  implicit dirs: [/opt/scylladb/lib/gcc/x86_64-redhat-linux/7;/opt/scylladb/lib64;/lib64;/usr/lib64;/opt/scylladb/lib]
  implicit fwks: []


Detecting CXX compiler ABI info compiled with the following output:
Change Dir: /app/github/distributed-system-framework/build/CMakeFiles/CMakeTmp

Run Build Command(s):/usr/bin/gmake cmTC_0e43c/fast && /usr/bin/gmake  -f CMakeFiles/cmTC_0e43c.dir/build.make CMakeFiles/cmTC_0e43c.dir/build
gmake[1]: Entering directory `/app/github/distributed-system-framework/build/CMakeFiles/CMakeTmp'
Building CXX object CMakeFiles/cmTC_0e43c.dir/CMakeCXXCompilerABI.cpp.o
/opt/scylladb/bin/g++   -v -o CMakeFiles/cmTC_0e43c.dir/CMakeCXXCompilerABI.cpp.o -c /usr/bin/cmake/share/cmake-3.18/Modules/CMakeCXXCompilerABI.cpp
Using built-in specs.
COLLECT_GCC=/opt/scylladb/bin/g++
Target: x86_64-redhat-linux
Configured with: ../configure --enable-bootstrap --enable-languages=c,c++,lto --prefix=/opt/scylladb --mandir=/opt/scylladb/share/man --infodir=/opt/scylladb/share/info --with-bugurl=http://bugzilla.redhat.com/bugzilla --enable-shared --enable-threads=posix --enable-checking=release --program-suffix=-7.3 --enable-multilib --with-system-zlib --enable-__cxa_atexit --disable-libunwind-exceptions --enable-gnu-unique-object --enable-linker-build-id --with-gcc-major-version-only --with-linker-hash-style=gnu --enable-plugin --enable-initfini-array --disable-libgcj --with-default-libstdcxx-abi=gcc4-compatible --with-isl --with-isl-include=/opt/scylladb/include/ --with-isl-lib=/opt/scylladb/lib64/ --enable-libmpx --enable-gnu-indirect-function --with-tune=generic --with-arch_32=x86-64 --build=x86_64-redhat-linux
Thread model: posix
gcc version 7.3.1 20180125 (Red Hat 7.3.1-1) (GCC) 
COLLECT_GCC_OPTIONS='-v' '-o' 'CMakeFiles/cmTC_0e43c.dir/CMakeCXXCompilerABI.cpp.o' '-c' '-shared-libgcc' '-mtune=generic' '-march=x86-64'
 /opt/scylladb/libexec/gcc/x86_64-redhat-linux/7/cc1plus -quiet -v -D_GNU_SOURCE /usr/bin/cmake/share/cmake-3.18/Modules/CMakeCXXCompilerABI.cpp -quiet -dumpbase CMakeCXXCompilerABI.cpp -mtune=generic -march=x86-64 -auxbase-strip CMakeFiles/cmTC_0e43c.dir/CMakeCXXCompilerABI.cpp.o -version -o /tmp/ccZAhd7j.s
GNU C++14 (GCC) version 7.3.1 20180125 (Red Hat 7.3.1-1) (x86_64-redhat-linux)
	compiled by GNU C version 7.3.1 20180125 (Red Hat 7.3.1-1), GMP version 6.0.0, MPFR version 3.1.1, MPC version 1.0.1, isl version isl-0.16.1-GMP

GGC heuristics: --param ggc-min-expand=100 --param ggc-min-heapsize=131072
ignoring nonexistent directory "/opt/scylladb/lib/gcc/x86_64-redhat-linux/7/include-fixed"
ignoring nonexistent directory "/opt/scylladb/lib/gcc/x86_64-redhat-linux/7/../../../../x86_64-redhat-linux/include"
#include "..." search starts here:
#include <...> search starts here:
 /opt/scylladb/lib/gcc/x86_64-redhat-linux/7/../../../../include/c++/7
 /opt/scylladb/lib/gcc/x86_64-redhat-linux/7/../../../../include/c++/7/x86_64-redhat-linux
 /opt/scylladb/lib/gcc/x86_64-redhat-linux/7/../../../../include/c++/7/backward
 /opt/scylladb/lib/gcc/x86_64-redhat-linux/7/include
 /usr/local/include
 /opt/scylladb/include
 /usr/include
End of search list.
GNU C++14 (GCC) version 7.3.1 20180125 (Red Hat 7.3.1-1) (x86_64-redhat-linux)
	compiled by GNU C version 7.3.1 20180125 (Red Hat 7.3.1-1), GMP version 6.0.0, MPFR version 3.1.1, MPC version 1.0.1, isl version isl-0.16.1-GMP

GGC heuristics: --param ggc-min-expand=100 --param ggc-min-heapsize=131072
Compiler executable checksum: 804d79cab4f6396af7b746c4d1286902
COLLECT_GCC_OPTIONS='-v' '-o' 'CMakeFiles/cmTC_0e43c.dir/CMakeCXXCompilerABI.cpp.o' '-c' '-shared-libgcc' '-mtune=generic' '-march=x86-64'
 as -v --64 -o CMakeFiles/cmTC_0e43c.dir/CMakeCXXCompilerABI.cpp.o /tmp/ccZAhd7j.s
GNU assembler version 2.27 (x86_64-redhat-linux) using BFD version version 2.27-43.base.el7_8.1
COMPILER_PATH=/opt/scylladb/libexec/gcc/x86_64-redhat-linux/7/:/opt/scylladb/libexec/gcc/x86_64-redhat-linux/7/:/opt/scylladb/libexec/gcc/x86_64-redhat-linux/:/opt/scylladb/lib/gcc/x86_64-redhat-linux/7/:/opt/scylladb/lib/gcc/x86_64-redhat-linux/
LIBRARY_PATH=/opt/scylladb/lib/gcc/x86_64-redhat-linux/7/:/opt/scylladb/lib/gcc/x86_64-redhat-linux/7/../../../../lib64/:/lib/../lib64/:/usr/lib/../lib64/:/opt/scylladb/lib/gcc/x86_64-redhat-linux/7/../../../:/lib/:/usr/lib/
COLLECT_GCC_OPTIONS='-v' '-o' 'CMakeFiles/cmTC_0e43c.dir/CMakeCXXCompilerABI.cpp.o' '-c' '-shared-libgcc' '-mtune=generic' '-march=x86-64'
Linking CXX executable cmTC_0e43c
/usr/bin/cmake/bin/cmake -E cmake_link_script CMakeFiles/cmTC_0e43c.dir/link.txt --verbose=1
/opt/scylladb/bin/g++  -v -rdynamic CMakeFiles/cmTC_0e43c.dir/CMakeCXXCompilerABI.cpp.o -o cmTC_0e43c 
Using built-in specs.
COLLECT_GCC=/opt/scylladb/bin/g++
COLLECT_LTO_WRAPPER=/opt/scylladb/libexec/gcc/x86_64-redhat-linux/7/lto-wrapper
Target: x86_64-redhat-linux
Configured with: ../configure --enable-bootstrap --enable-languages=c,c++,lto --prefix=/opt/scylladb --mandir=/opt/scylladb/share/man --infodir=/opt/scylladb/share/info --with-bugurl=http://bugzilla.redhat.com/bugzilla --enable-shared --enable-threads=posix --enable-checking=release --program-suffix=-7.3 --enable-multilib --with-system-zlib --enable-__cxa_atexit --disable-libunwind-exceptions --enable-gnu-unique-object --enable-linker-build-id --with-gcc-major-version-only --with-linker-hash-style=gnu --enable-plugin --enable-initfini-array --disable-libgcj --with-default-libstdcxx-abi=gcc4-compatible --with-isl --with-isl-include=/opt/scylladb/include/ --with-isl-lib=/opt/scylladb/lib64/ --enable-libmpx --enable-gnu-indirect-function --with-tune=generic --with-arch_32=x86-64 --build=x86_64-redhat-linux
Thread model: posix
gcc version 7.3.1 20180125 (Red Hat 7.3.1-1) (GCC) 
COMPILER_PATH=/opt/scylladb/libexec/gcc/x86_64-redhat-linux/7/:/opt/scylladb/libexec/gcc/x86_64-redhat-linux/7/:/opt/scylladb/libexec/gcc/x86_64-redhat-linux/:/opt/scylladb/lib/gcc/x86_64-redhat-linux/7/:/opt/scylladb/lib/gcc/x86_64-redhat-linux/
LIBRARY_PATH=/opt/scylladb/lib/gcc/x86_64-redhat-linux/7/:/opt/scylladb/lib/gcc/x86_64-redhat-linux/7/../../../../lib64/:/lib/../lib64/:/usr/lib/../lib64/:/opt/scylladb/lib/gcc/x86_64-redhat-linux/7/../../../:/lib/:/usr/lib/
COLLECT_GCC_OPTIONS='-v' '-rdynamic' '-o' 'cmTC_0e43c' '-shared-libgcc' '-mtune=generic' '-march=x86-64'
 /opt/scylladb/libexec/gcc/x86_64-redhat-linux/7/collect2 -plugin /opt/scylladb/libexec/gcc/x86_64-redhat-linux/7/liblto_plugin.so -plugin-opt=/opt/scylladb/libexec/gcc/x86_64-redhat-linux/7/lto-wrapper -plugin-opt=-fresolution=/tmp/cc4RtKLp.res -plugin-opt=-pass-through=-lgcc_s -plugin-opt=-pass-through=-lgcc -plugin-opt=-pass-through=-lc -plugin-opt=-pass-through=-lgcc_s -plugin-opt=-pass-through=-lgcc --build-id --no-add-needed --eh-frame-hdr --hash-style=gnu -m elf_x86_64 -export-dynamic -dynamic-linker /lib64/ld-linux-x86-64.so.2 -o cmTC_0e43c /lib/../lib64/crt1.o /lib/../lib64/crti.o /opt/scylladb/lib/gcc/x86_64-redhat-linux/7/crtbegin.o -L/opt/scylladb/lib/gcc/x86_64-redhat-linux/7 -L/opt/scylladb/lib/gcc/x86_64-redhat-linux/7/../../../../lib64 -L/lib/../lib64 -L/usr/lib/../lib64 -L/opt/scylladb/lib/gcc/x86_64-redhat-linux/7/../../.. CMakeFiles/cmTC_0e43c.dir/CMakeCXXCompilerABI.cpp.o -lstdc++ -lm -lgcc_s -lgcc -lc -lgcc_s -lgcc /opt/scylladb/lib/gcc/x86_64-redhat-linux/7/crtend.o /lib/../lib64/crtn.o
COLLECT_GCC_OPTIONS='-v' '-rdynamic' '-o' 'cmTC_0e43c' '-shared-libgcc' '-mtune=generic' '-march=x86-64'
gmake[1]: Leaving directory `/app/github/distributed-system-framework/build/CMakeFiles/CMakeTmp'



Parsed CXX implicit include dir info from above output: rv=done
  found start of include info
  found start of implicit include info
    add: [/opt/scylladb/lib/gcc/x86_64-redhat-linux/7/../../../../include/c++/7]
    add: [/opt/scylladb/lib/gcc/x86_64-redhat-linux/7/../../../../include/c++/7/x86_64-redhat-linux]
    add: [/opt/scylladb/lib/gcc/x86_64-redhat-linux/7/../../../../include/c++/7/backward]
    add: [/opt/scylladb/lib/gcc/x86_64-redhat-linux/7/include]
    add: [/usr/local/include]
    add: [/opt/scylladb/include]
    add: [/usr/include]
  end of search list found
  collapse include dir [/opt/scylladb/lib/gcc/x86_64-redhat-linux/7/../../../../include/c++/7] ==> [/opt/scylladb/include/c++/7]
  collapse include dir [/opt/scylladb/lib/gcc/x86_64-redhat-linux/7/../../../../include/c++/7/x86_64-redhat-linux] ==> [/opt/scylladb/include/c++/7/x86_64-redhat-linux]
  collapse include dir [/opt/scylladb/lib/gcc/x86_64-redhat-linux/7/../../../../include/c++/7/backward] ==> [/opt/scylladb/include/c++/7/backward]
  collapse include dir [/opt/scylladb/lib/gcc/x86_64-redhat-linux/7/include] ==> [/opt/scylladb/lib/gcc/x86_64-redhat-linux/7/include]
  collapse include dir [/usr/local/include] ==> [/usr/local/include]
  collapse include dir [/opt/scylladb/include] ==> [/opt/scylladb/include]
  collapse include dir [/usr/include] ==> [/usr/include]
  implicit include dirs: [/opt/scylladb/include/c++/7;/opt/scylladb/include/c++/7/x86_64-redhat-linux;/opt/scylladb/include/c++/7/backward;/opt/scylladb/lib/gcc/x86_64-redhat-linux/7/include;/usr/local/include;/opt/scylladb/include;/usr/include]


Parsed CXX implicit link information from above output:
  link line regex: [^( *|.*[/\])(ld|CMAKE_LINK_STARTFILE-NOTFOUND|([^/\]+-)?ld|collect2)[^/\]*( |$)]
  ignore line: [Change Dir: /app/github/distributed-system-framework/build/CMakeFiles/CMakeTmp]
  ignore line: []
  ignore line: [Run Build Command(s):/usr/bin/gmake cmTC_0e43c/fast && /usr/bin/gmake  -f CMakeFiles/cmTC_0e43c.dir/build.make CMakeFiles/cmTC_0e43c.dir/build]
  ignore line: [gmake[1]: Entering directory `/app/github/distributed-system-framework/build/CMakeFiles/CMakeTmp']
  ignore line: [Building CXX object CMakeFiles/cmTC_0e43c.dir/CMakeCXXCompilerABI.cpp.o]
  ignore line: [/opt/scylladb/bin/g++   -v -o CMakeFiles/cmTC_0e43c.dir/CMakeCXXCompilerABI.cpp.o -c /usr/bin/cmake/share/cmake-3.18/Modules/CMakeCXXCompilerABI.cpp]
  ignore line: [Using built-in specs.]
  ignore line: [COLLECT_GCC=/opt/scylladb/bin/g++]
  ignore line: [Target: x86_64-redhat-linux]
  ignore line: [Configured with: ../configure --enable-bootstrap --enable-languages=c c++ lto --prefix=/opt/scylladb --mandir=/opt/scylladb/share/man --infodir=/opt/scylladb/share/info --with-bugurl=http://bugzilla.redhat.com/bugzilla --enable-shared --enable-threads=posix --enable-checking=release --program-suffix=-7.3 --enable-multilib --with-system-zlib --enable-__cxa_atexit --disable-libunwind-exceptions --enable-gnu-unique-object --enable-linker-build-id --with-gcc-major-version-only --with-linker-hash-style=gnu --enable-plugin --enable-initfini-array --disable-libgcj --with-default-libstdcxx-abi=gcc4-compatible --with-isl --with-isl-include=/opt/scylladb/include/ --with-isl-lib=/opt/scylladb/lib64/ --enable-libmpx --enable-gnu-indirect-function --with-tune=generic --with-arch_32=x86-64 --build=x86_64-redhat-linux]
  ignore line: [Thread model: posix]
  ignore line: [gcc version 7.3.1 20180125 (Red Hat 7.3.1-1) (GCC) ]
  ignore line: [COLLECT_GCC_OPTIONS='-v' '-o' 'CMakeFiles/cmTC_0e43c.dir/CMakeCXXCompilerABI.cpp.o' '-c' '-shared-libgcc' '-mtune=generic' '-march=x86-64']
  ignore line: [ /opt/scylladb/libexec/gcc/x86_64-redhat-linux/7/cc1plus -quiet -v -D_GNU_SOURCE /usr/bin/cmake/share/cmake-3.18/Modules/CMakeCXXCompilerABI.cpp -quiet -dumpbase CMakeCXXCompilerABI.cpp -mtune=generic -march=x86-64 -auxbase-strip CMakeFiles/cmTC_0e43c.dir/CMakeCXXCompilerABI.cpp.o -version -o /tmp/ccZAhd7j.s]
  ignore line: [GNU C++14 (GCC) version 7.3.1 20180125 (Red Hat 7.3.1-1) (x86_64-redhat-linux)]
  ignore line: [	compiled by GNU C version 7.3.1 20180125 (Red Hat 7.3.1-1)  GMP version 6.0.0  MPFR version 3.1.1  MPC version 1.0.1  isl version isl-0.16.1-GMP]
  ignore line: []
  ignore line: [GGC heuristics: --param ggc-min-expand=100 --param ggc-min-heapsize=131072]
  ignore line: [ignoring nonexistent directory "/opt/scylladb/lib/gcc/x86_64-redhat-linux/7/include-fixed"]
  ignore line: [ignoring nonexistent directory "/opt/scylladb/lib/gcc/x86_64-redhat-linux/7/../../../../x86_64-redhat-linux/include"]
  ignore line: [#include "..." search starts here:]
  ignore line: [#include <...> search starts here:]
  ignore line: [ /opt/scylladb/lib/gcc/x86_64-redhat-linux/7/../../../../include/c++/7]
  ignore line: [ /opt/scylladb/lib/gcc/x86_64-redhat-linux/7/../../../../include/c++/7/x86_64-redhat-linux]
  ignore line: [ /opt/scylladb/lib/gcc/x86_64-redhat-linux/7/../../../../include/c++/7/backward]
  ignore line: [ /opt/scylladb/lib/gcc/x86_64-redhat-linux/7/include]
  ignore line: [ /usr/local/include]
  ignore line: [ /opt/scylladb/include]
  ignore line: [ /usr/include]
  ignore line: [End of search list.]
  ignore line: [GNU C++14 (GCC) version 7.3.1 20180125 (Red Hat 7.3.1-1) (x86_64-redhat-linux)]
  ignore line: [	compiled by GNU C version 7.3.1 20180125 (Red Hat 7.3.1-1)  GMP version 6.0.0  MPFR version 3.1.1  MPC version 1.0.1  isl version isl-0.16.1-GMP]
  ignore line: []
  ignore line: [GGC heuristics: --param ggc-min-expand=100 --param ggc-min-heapsize=131072]
  ignore line: [Compiler executable checksum: 804d79cab4f6396af7b746c4d1286902]
  ignore line: [COLLECT_GCC_OPTIONS='-v' '-o' 'CMakeFiles/cmTC_0e43c.dir/CMakeCXXCompilerABI.cpp.o' '-c' '-shared-libgcc' '-mtune=generic' '-march=x86-64']
  ignore line: [ as -v --64 -o CMakeFiles/cmTC_0e43c.dir/CMakeCXXCompilerABI.cpp.o /tmp/ccZAhd7j.s]
  ignore line: [GNU assembler version 2.27 (x86_64-redhat-linux) using BFD version version 2.27-43.base.el7_8.1]
  ignore line: [COMPILER_PATH=/opt/scylladb/libexec/gcc/x86_64-redhat-linux/7/:/opt/scylladb/libexec/gcc/x86_64-redhat-linux/7/:/opt/scylladb/libexec/gcc/x86_64-redhat-linux/:/opt/scylladb/lib/gcc/x86_64-redhat-linux/7/:/opt/scylladb/lib/gcc/x86_64-redhat-linux/]
  ignore line: [LIBRARY_PATH=/opt/scylladb/lib/gcc/x86_64-redhat-linux/7/:/opt/scylladb/lib/gcc/x86_64-redhat-linux/7/../../../../lib64/:/lib/../lib64/:/usr/lib/../lib64/:/opt/scylladb/lib/gcc/x86_64-redhat-linux/7/../../../:/lib/:/usr/lib/]
  ignore line: [COLLECT_GCC_OPTIONS='-v' '-o' 'CMakeFiles/cmTC_0e43c.dir/CMakeCXXCompilerABI.cpp.o' '-c' '-shared-libgcc' '-mtune=generic' '-march=x86-64']
  ignore line: [Linking CXX executable cmTC_0e43c]
  ignore line: [/usr/bin/cmake/bin/cmake -E cmake_link_script CMakeFiles/cmTC_0e43c.dir/link.txt --verbose=1]
  ignore line: [/opt/scylladb/bin/g++  -v -rdynamic CMakeFiles/cmTC_0e43c.dir/CMakeCXXCompilerABI.cpp.o -o cmTC_0e43c ]
  ignore line: [Using built-in specs.]
  ignore line: [COLLECT_GCC=/opt/scylladb/bin/g++]
  ignore line: [COLLECT_LTO_WRAPPER=/opt/scylladb/libexec/gcc/x86_64-redhat-linux/7/lto-wrapper]
  ignore line: [Target: x86_64-redhat-linux]
  ignore line: [Configured with: ../configure --enable-bootstrap --enable-languages=c c++ lto --prefix=/opt/scylladb --mandir=/opt/scylladb/share/man --infodir=/opt/scylladb/share/info --with-bugurl=http://bugzilla.redhat.com/bugzilla --enable-shared --enable-threads=posix --enable-checking=release --program-suffix=-7.3 --enable-multilib --with-system-zlib --enable-__cxa_atexit --disable-libunwind-exceptions --enable-gnu-unique-object --enable-linker-build-id --with-gcc-major-version-only --with-linker-hash-style=gnu --enable-plugin --enable-initfini-array --disable-libgcj --with-default-libstdcxx-abi=gcc4-compatible --with-isl --with-isl-include=/opt/scylladb/include/ --with-isl-lib=/opt/scylladb/lib64/ --enable-libmpx --enable-gnu-indirect-function --with-tune=generic --with-arch_32=x86-64 --build=x86_64-redhat-linux]
  ignore line: [Thread model: posix]
  ignore line: [gcc version 7.3.1 20180125 (Red Hat 7.3.1-1) (GCC) ]
  ignore line: [COMPILER_PATH=/opt/scylladb/libexec/gcc/x86_64-redhat-linux/7/:/opt/scylladb/libexec/gcc/x86_64-redhat-linux/7/:/opt/scylladb/libexec/gcc/x86_64-redhat-linux/:/opt/scylladb/lib/gcc/x86_64-redhat-linux/7/:/opt/scylladb/lib/gcc/x86_64-redhat-linux/]
  ignore line: [LIBRARY_PATH=/opt/scylladb/lib/gcc/x86_64-redhat-linux/7/:/opt/scylladb/lib/gcc/x86_64-redhat-linux/7/../../../../lib64/:/lib/../lib64/:/usr/lib/../lib64/:/opt/scylladb/lib/gcc/x86_64-redhat-linux/7/../../../:/lib/:/usr/lib/]
  ignore line: [COLLECT_GCC_OPTIONS='-v' '-rdynamic' '-o' 'cmTC_0e43c' '-shared-libgcc' '-mtune=generic' '-march=x86-64']
  link line: [ /opt/scylladb/libexec/gcc/x86_64-redhat-linux/7/collect2 -plugin /opt/scylladb/libexec/gcc/x86_64-redhat-linux/7/liblto_plugin.so -plugin-opt=/opt/scylladb/libexec/gcc/x86_64-redhat-linux/7/lto-wrapper -plugin-opt=-fresolution=/tmp/cc4RtKLp.res -plugin-opt=-pass-through=-lgcc_s -plugin-opt=-pass-through=-lgcc -plugin-opt=-pass-through=-lc -plugin-opt=-pass-through=-lgcc_s -plugin-opt=-pass-through=-lgcc --build-id --no-add-needed --eh-frame-hdr --hash-style=gnu -m elf_x86_64 -export-dynamic -dynamic-linker /lib64/ld-linux-x86-64.so.2 -o cmTC_0e43c /lib/../lib64/crt1.o /lib/../lib64/crti.o /opt/scylladb/lib/gcc/x86_64-redhat-linux/7/crtbegin.o -L/opt/scylladb/lib/gcc/x86_64-redhat-linux/7 -L/opt/scylladb/lib/gcc/x86_64-redhat-linux/7/../../../../lib64 -L/lib/../lib64 -L/usr/lib/../lib64 -L/opt/scylladb/lib/gcc/x86_64-redhat-linux/7/../../.. CMakeFiles/cmTC_0e43c.dir/CMakeCXXCompilerABI.cpp.o -lstdc++ -lm -lgcc_s -lgcc -lc -lgcc_s -lgcc /opt/scylladb/lib/gcc/x86_64-redhat-linux/7/crtend.o /lib/../lib64/crtn.o]
    arg [/opt/scylladb/libexec/gcc/x86_64-redhat-linux/7/collect2] ==> ignore
    arg [-plugin] ==> ignore
    arg [/opt/scylladb/libexec/gcc/x86_64-redhat-linux/7/liblto_plugin.so] ==> ignore
    arg [-plugin-opt=/opt/scylladb/libexec/gcc/x86_64-redhat-linux/7/lto-wrapper] ==> ignore
    arg [-plugin-opt=-fresolution=/tmp/cc4RtKLp.res] ==> ignore
    arg [-plugin-opt=-pass-through=-lgcc_s] ==> ignore
    arg [-plugin-opt=-pass-through=-lgcc] ==> ignore
    arg [-plugin-opt=-pass-through=-lc] ==> ignore
    arg [-plugin-opt=-pass-through=-lgcc_s] ==> ignore
    arg [-plugin-opt=-pass-through=-lgcc] ==> ignore
    arg [--build-id] ==> ignore
    arg [--no-add-needed] ==> ignore
    arg [--eh-frame-hdr] ==> ignore
    arg [--hash-style=gnu] ==> ignore
    arg [-m] ==> ignore
    arg [elf_x86_64] ==> ignore
    arg [-export-dynamic] ==> ignore
    arg [-dynamic-linker] ==> ignore
    arg [/lib64/ld-linux-x86-64.so.2] ==> ignore
    arg [-o] ==> ignore
    arg [cmTC_0e43c] ==> ignore
    arg [/lib/../lib64/crt1.o] ==> ignore
    arg [/lib/../lib64/crti.o] ==> ignore
    arg [/opt/scylladb/lib/gcc/x86_64-redhat-linux/7/crtbegin.o] ==> ignore
    arg [-L/opt/scylladb/lib/gcc/x86_64-redhat-linux/7] ==> dir [/opt/scylladb/lib/gcc/x86_64-redhat-linux/7]
    arg [-L/opt/scylladb/lib/gcc/x86_64-redhat-linux/7/../../../../lib64] ==> dir [/opt/scylladb/lib/gcc/x86_64-redhat-linux/7/../../../../lib64]
    arg [-L/lib/../lib64] ==> dir [/lib/../lib64]
    arg [-L/usr/lib/../lib64] ==> dir [/usr/lib/../lib64]
    arg [-L/opt/scylladb/lib/gcc/x86_64-redhat-linux/7/../../..] ==> dir [/opt/scylladb/lib/gcc/x86_64-redhat-linux/7/../../..]
    arg [CMakeFiles/cmTC_0e43c.dir/CMakeCXXCompilerABI.cpp.o] ==> ignore
    arg [-lstdc++] ==> lib [stdc++]
    arg [-lm] ==> lib [m]
    arg [-lgcc_s] ==> lib [gcc_s]
    arg [-lgcc] ==> lib [gcc]
    arg [-lc] ==> lib [c]
    arg [-lgcc_s] ==> lib [gcc_s]
    arg [-lgcc] ==> lib [gcc]
    arg [/opt/scylladb/lib/gcc/x86_64-redhat-linux/7/crtend.o] ==> ignore
    arg [/lib/../lib64/crtn.o] ==> ignore
  collapse library dir [/opt/scylladb/lib/gcc/x86_64-redhat-linux/7] ==> [/opt/scylladb/lib/gcc/x86_64-redhat-linux/7]
  collapse library dir [/opt/scylladb/lib/gcc/x86_64-redhat-linux/7/../../../../lib64] ==> [/opt/scylladb/lib64]
  collapse library dir [/lib/../lib64] ==> [/lib64]
  collapse library dir [/usr/lib/../lib64] ==> [/usr/lib64]
  collapse library dir [/opt/scylladb/lib/gcc/x86_64-redhat-linux/7/../../..] ==> [/opt/scylladb/lib]
  implicit libs: [stdc++;m;gcc_s;gcc;c;gcc_s;gcc]
  implicit dirs: [/opt/scylladb/lib/gcc/x86_64-redhat-linux/7;/opt/scylladb/lib64;/lib64;/usr/lib64;/opt/scylladb/lib]
  implicit fwks: []


